info it worked if it ends with ok
verbose cli [ 'node',
verbose cli   '/usr/local/bin/npm',
verbose cli   'install',
verbose cli   'node-cityhash' ]
info using npm@1.0.10
info using node@v0.4.8
verbose config file /home/cideasdev/.npmrc
verbose config file /usr/local/etc/npmrc
silly testEngine { name: 'mongoose',
silly testEngine   description: 'Mongoose MongoDB ORM',
silly testEngine   version: '1.4.0',
silly testEngine   author: 
silly testEngine    { name: 'Guillermo Rauch',
silly testEngine      email: 'guillermo@learnboost.com' },
silly testEngine   keywords: 
silly testEngine    [ 'mongodb',
silly testEngine      'mongoose',
silly testEngine      'orm',
silly testEngine      'data',
silly testEngine      'datastore',
silly testEngine      'nosql' ],
silly testEngine   dependencies: { hooks: '0.1.7' },
silly testEngine   devDependencies: { should: '>=0.2.1' },
silly testEngine   directories: { lib: './lib/mongoose' },
silly testEngine   scripts: { test: 'make test' },
silly testEngine   main: './index.js',
silly testEngine   engines: { node: '>= 0.2.0' },
silly testEngine   repository: 
silly testEngine    { type: 'git',
silly testEngine      url: 'git://github.com/LearnBoost/mongoose.git' },
silly testEngine   _id: 'mongoose@1.4.0',
silly testEngine   _engineSupported: true,
silly testEngine   _npmVersion: '1.0.10',
silly testEngine   _nodeVersion: 'v0.4.8',
silly testEngine   _defaultsLoaded: true }
verbose caching /home/cideasdev/node_modules/mongoose/package.json
verbose loadDefaults mongoose@1.4.0
silly testEngine { name: 'node.io',
silly testEngine   description: 'A distributed data scraping and processing framework',
silly testEngine   version: '0.3.0',
silly testEngine   homepage: 'http://github.com/chriso/node.io',
silly testEngine   keywords: 
silly testEngine    [ 'data',
silly testEngine      'mapreduce',
silly testEngine      'map',
silly testEngine      'reduce',
silly testEngine      'scraping',
silly testEngine      'html',
silly testEngine      'parsing',
silly testEngine      'parse',
silly testEngine      'scrape',
silly testEngine      'process',
silly testEngine      'processing',
silly testEngine      'data' ],
silly testEngine   author: { name: 'Chris O\'Hara', email: 'cohara87@gmail.com' },
silly testEngine   main: './lib/node.io',
silly testEngine   directories: { lib: './lib/node.io' },
silly testEngine   bugs: 
silly testEngine    { email: 'cohara87@gmail.com',
silly testEngine      url: 'http://github.com/chriso/node.io/issues' },
silly testEngine   repository: 
silly testEngine    { type: 'git',
silly testEngine      url: 'git://github.com/chriso/node.io.git' },
silly testEngine   engines: { node: '>=0.4.0' },
silly testEngine   preferGlobal: true,
silly testEngine   dependencies: 
silly testEngine    { htmlparser: '>= 1.7.3',
silly testEngine      'coffee-script': '>= 0.9.5',
silly testEngine      jquery: '>= 1.4.4' },
silly testEngine   devDependencies: { expresso: '*' },
silly testEngine   bin: 
silly testEngine    { io: './bin/io',
silly testEngine      'node.io': './bin/node.io',
silly testEngine      'node.io-web': './bin/node.io-web' },
silly testEngine   licenses: 
silly testEngine    [ { type: 'MIT',
silly testEngine        url: 'http://github.com/chriso/node.io/raw/master/LICENSE' } ],
silly testEngine   _id: 'node.io@0.3.0',
silly testEngine   _engineSupported: true,
silly testEngine   _npmVersion: '1.0.10',
silly testEngine   _nodeVersion: 'v0.4.8',
silly testEngine   _defaultsLoaded: true }
verbose caching /home/cideasdev/node_modules/node.io/package.json
verbose loadDefaults node.io@0.3.0
silly testEngine { name: 'log4js',
silly testEngine   version: '0.2.6',
silly testEngine   description: 'Port of Log4js to work with node.',
silly testEngine   keywords: [ 'logging', 'log', 'log4j', 'node' ],
silly testEngine   main: './lib/log4js',
silly testEngine   author: 
silly testEngine    { name: 'Gareth Jones',
silly testEngine      email: 'gareth.jones@sensis.com.au' },
silly testEngine   bugs: { url: 'http://github.com/csausdev/log4js-node/issues' },
silly testEngine   engines: [ 'node >=0.1.100', node: ' >=0.1.100' ],
silly testEngine   scripts: { test: 'vows test/*.js' },
silly testEngine   directories: { test: 'test', lib: 'lib' },
silly testEngine   devDependencies: { vows: '>=0.5.2' },
silly testEngine   _id: 'log4js@0.2.6',
silly testEngine   dependencies: {},
silly testEngine   _engineSupported: true,
silly testEngine   _npmVersion: '1.0.10',
silly testEngine   _nodeVersion: 'v0.4.8',
silly testEngine   _defaultsLoaded: true }
verbose caching /home/cideasdev/node_modules/log4js/package.json
verbose loadDefaults log4js@0.2.6
verbose into /home/cideasdev [ 'node-cityhash' ]
verbose cache add [ 'node-cityhash', null ]
info addNamed [ 'node-cityhash', '' ]
verbose addNamed [ null, '' ]
verbose GET node-cityhash
verbose raw, before any munging node-cityhash
verbose url resolving [ 'http://registry.npmjs.org/', './node-cityhash' ]
verbose url resolved http://registry.npmjs.org/node-cityhash
verbose url parsed { protocol: 'http:',
verbose url parsed   slashes: true,
verbose url parsed   host: 'registry.npmjs.org',
verbose url parsed   hostname: 'registry.npmjs.org',
verbose url parsed   href: 'http://registry.npmjs.org/node-cityhash',
verbose url parsed   pathname: '/node-cityhash' }
verbose response http://registry.npmjs.org/node-cityhash
silly chunk {"error":"not_found","reason":"document not found"}
silly chunk 
silly get cb [ 404,
silly get cb   { server: 'CouchDB/1.1.0 (Erlang OTP/R14B)',
silly get cb     date: 'Tue, 14 Jun 2011 23:17:01 GMT',
silly get cb     'content-type': 'application/json',
silly get cb     'content-length': '52',
silly get cb     'cache-control': 'must-revalidate' } ]
ERR! 404 'node-cityhash' is not in the npm registry.
ERR! 404 You should bug the author to publish it.
ERR! 404 Note that you can also install from a tarball or folder.
ERR! 
ERR! System Linux 2.6.38-8-generic
ERR! command "node" "/usr/local/bin/npm" "install" "node-cityhash"
verbose exit [ 1, true ]
